23-May-2015 22:24:30.108 INFO [main] org.apache.catalina.startup.VersionLoggerListener.log Server version:        Apache Tomcat/8.0.21
23-May-2015 22:24:30.110 INFO [main] org.apache.catalina.startup.VersionLoggerListener.log Server built:          Mar 23 2015 14:11:21 UTC
23-May-2015 22:24:30.110 INFO [main] org.apache.catalina.startup.VersionLoggerListener.log Server number:         8.0.21.0
23-May-2015 22:24:30.110 INFO [main] org.apache.catalina.startup.VersionLoggerListener.log OS Name:               Mac OS X
23-May-2015 22:24:30.110 INFO [main] org.apache.catalina.startup.VersionLoggerListener.log OS Version:            10.10.3
23-May-2015 22:24:30.110 INFO [main] org.apache.catalina.startup.VersionLoggerListener.log Architecture:          x86_64
23-May-2015 22:24:30.110 INFO [main] org.apache.catalina.startup.VersionLoggerListener.log Java Home:             /Library/Java/JavaVirtualMachines/jdk1.8.0_20.jdk/Contents/Home/jre
23-May-2015 22:24:30.110 INFO [main] org.apache.catalina.startup.VersionLoggerListener.log JVM Version:           1.8.0_20-b26
23-May-2015 22:24:30.110 INFO [main] org.apache.catalina.startup.VersionLoggerListener.log JVM Vendor:            Oracle Corporation
23-May-2015 22:24:30.110 INFO [main] org.apache.catalina.startup.VersionLoggerListener.log CATALINA_BASE:         /usr/local/apache-tomcat
23-May-2015 22:24:30.110 INFO [main] org.apache.catalina.startup.VersionLoggerListener.log CATALINA_HOME:         /usr/local/apache-tomcat
23-May-2015 22:24:30.111 INFO [main] org.apache.catalina.startup.VersionLoggerListener.log Command line argument: -Djava.util.logging.config.file=/usr/local/apache-tomcat/conf/logging.properties
23-May-2015 22:24:30.111 INFO [main] org.apache.catalina.startup.VersionLoggerListener.log Command line argument: -Djava.util.logging.manager=org.apache.juli.ClassLoaderLogManager
23-May-2015 22:24:30.111 INFO [main] org.apache.catalina.startup.VersionLoggerListener.log Command line argument: -Djava.endorsed.dirs=/usr/local/apache-tomcat/endorsed
23-May-2015 22:24:30.111 INFO [main] org.apache.catalina.startup.VersionLoggerListener.log Command line argument: -Dcatalina.base=/usr/local/apache-tomcat
23-May-2015 22:24:30.111 INFO [main] org.apache.catalina.startup.VersionLoggerListener.log Command line argument: -Dcatalina.home=/usr/local/apache-tomcat
23-May-2015 22:24:30.112 INFO [main] org.apache.catalina.startup.VersionLoggerListener.log Command line argument: -Djava.io.tmpdir=/usr/local/apache-tomcat/temp
23-May-2015 22:24:30.112 INFO [main] org.apache.catalina.core.AprLifecycleListener.lifecycleEvent The APR based Apache Tomcat Native library which allows optimal performance in production environments was not found on the java.library.path: /Users/Richard/Library/Java/Extensions:/Library/Java/Extensions:/Network/Library/Java/Extensions:/System/Library/Java/Extensions:/usr/lib/java:.
23-May-2015 22:24:30.321 INFO [main] org.apache.coyote.AbstractProtocol.init Initializing ProtocolHandler ["http-nio-9999"]
23-May-2015 22:24:30.358 INFO [main] org.apache.tomcat.util.net.NioSelectorPool.getSharedSelector Using a shared selector for servlet write/read
23-May-2015 22:24:30.362 INFO [main] org.apache.coyote.AbstractProtocol.init Initializing ProtocolHandler ["ajp-nio-8009"]
23-May-2015 22:24:30.364 INFO [main] org.apache.tomcat.util.net.NioSelectorPool.getSharedSelector Using a shared selector for servlet write/read
23-May-2015 22:24:30.364 INFO [main] org.apache.catalina.startup.Catalina.load Initialization processed in 778 ms
23-May-2015 22:24:30.394 INFO [main] org.apache.catalina.core.StandardService.startInternal Starting service Catalina
23-May-2015 22:24:30.394 INFO [main] org.apache.catalina.core.StandardEngine.startInternal Starting Servlet Engine: Apache Tomcat/8.0.21
23-May-2015 22:24:30.420 INFO [localhost-startStop-1] org.apache.catalina.startup.HostConfig.deployWAR Deploying web application archive /usr/local/apache-tomcat/webapps/sample.war
23-May-2015 22:24:30.731 INFO [localhost-startStop-1] org.apache.catalina.startup.HostConfig.deployWAR Deployment of web application archive /usr/local/apache-tomcat/webapps/sample.war has finished in 310 ms
23-May-2015 22:24:30.733 INFO [localhost-startStop-1] org.apache.catalina.startup.HostConfig.deployWAR Deploying web application archive /usr/local/apache-tomcat/webapps/xtf.war
23-May-2015 22:24:32.614 INFO [localhost-startStop-1] org.apache.jasper.servlet.TldScanner.scanJars At least one JAR was scanned for TLDs yet contained no TLDs. Enable debug logging for this logger for a complete list of JARs that were scanned but no TLDs were found in them. Skipping unneeded JARs during scanning can improve startup time and JSP compilation time.
23-May-2015 22:24:32.621 INFO [localhost-startStop-1] org.apache.catalina.startup.HostConfig.deployWAR Deployment of web application archive /usr/local/apache-tomcat/webapps/xtf.war has finished in 1,889 ms
23-May-2015 22:24:32.623 INFO [localhost-startStop-1] org.apache.catalina.startup.HostConfig.deployDirectory Deploying web application directory /usr/local/apache-tomcat/webapps/docs
23-May-2015 22:24:32.640 INFO [localhost-startStop-1] org.apache.catalina.startup.HostConfig.deployDirectory Deployment of web application directory /usr/local/apache-tomcat/webapps/docs has finished in 18 ms
23-May-2015 22:24:32.640 INFO [localhost-startStop-1] org.apache.catalina.startup.HostConfig.deployDirectory Deploying web application directory /usr/local/apache-tomcat/webapps/examples
23-May-2015 22:24:32.916 INFO [localhost-startStop-1] org.apache.catalina.startup.HostConfig.deployDirectory Deployment of web application directory /usr/local/apache-tomcat/webapps/examples has finished in 276 ms
23-May-2015 22:24:32.917 INFO [localhost-startStop-1] org.apache.catalina.startup.HostConfig.deployDirectory Deploying web application directory /usr/local/apache-tomcat/webapps/hello
23-May-2015 22:24:32.929 INFO [localhost-startStop-1] org.apache.catalina.startup.HostConfig.deployDirectory Deployment of web application directory /usr/local/apache-tomcat/webapps/hello has finished in 12 ms
23-May-2015 22:24:32.929 INFO [localhost-startStop-1] org.apache.catalina.startup.HostConfig.deployDirectory Deploying web application directory /usr/local/apache-tomcat/webapps/host-manager
23-May-2015 22:24:32.949 INFO [localhost-startStop-1] org.apache.catalina.startup.HostConfig.deployDirectory Deployment of web application directory /usr/local/apache-tomcat/webapps/host-manager has finished in 20 ms
23-May-2015 22:24:32.949 INFO [localhost-startStop-1] org.apache.catalina.startup.HostConfig.deployDirectory Deploying web application directory /usr/local/apache-tomcat/webapps/manager
23-May-2015 22:24:32.985 INFO [localhost-startStop-1] org.apache.catalina.startup.HostConfig.deployDirectory Deployment of web application directory /usr/local/apache-tomcat/webapps/manager has finished in 36 ms
23-May-2015 22:24:32.986 INFO [localhost-startStop-1] org.apache.catalina.startup.HostConfig.deployDirectory Deploying web application directory /usr/local/apache-tomcat/webapps/ROOT
23-May-2015 22:24:32.999 INFO [localhost-startStop-1] org.apache.catalina.startup.HostConfig.deployDirectory Deployment of web application directory /usr/local/apache-tomcat/webapps/ROOT has finished in 13 ms
23-May-2015 22:24:33.002 INFO [main] org.apache.coyote.AbstractProtocol.start Starting ProtocolHandler ["http-nio-9999"]
23-May-2015 22:24:33.010 INFO [main] org.apache.coyote.AbstractProtocol.start Starting ProtocolHandler ["ajp-nio-8009"]
23-May-2015 22:24:33.011 INFO [main] org.apache.catalina.startup.Catalina.start Server startup in 2646 ms
