04-May-2015 12:17:34.282 INFO [http-nio-9999-exec-4] org.apache.catalina.core.ApplicationContext.log HTMLManager: init: Associated with Deployer 'Catalina:type=Deployer,host=localhost'
04-May-2015 12:17:34.282 INFO [http-nio-9999-exec-4] org.apache.catalina.core.ApplicationContext.log HTMLManager: init: Global resources are available
04-May-2015 12:17:34.293 INFO [http-nio-9999-exec-4] org.apache.catalina.core.ApplicationContext.log HTMLManager: list: Listing contexts for virtual host 'localhost'
04-May-2015 12:18:21.528 INFO [http-nio-9999-exec-9] org.apache.catalina.core.ApplicationContext.log HTMLManager: list: Listing contexts for virtual host 'localhost'
04-May-2015 12:27:20.887 INFO [http-nio-9999-exec-3] org.apache.catalina.core.ApplicationContext.log HTMLManager: list: Listing contexts for virtual host 'localhost'
04-May-2015 12:27:27.552 INFO [http-nio-9999-exec-4] org.apache.catalina.core.ApplicationContext.log HTMLManager: restart: Reloading web application '/xtf'
04-May-2015 12:27:28.840 INFO [http-nio-9999-exec-4] org.apache.catalina.core.ApplicationContext.log HTMLManager: list: Listing contexts for virtual host 'localhost'
04-May-2015 12:29:35.166 INFO [http-nio-9999-exec-12] org.apache.catalina.core.ApplicationContext.log HTMLManager: stop: Stopping web application '/xtf'
04-May-2015 12:29:35.175 INFO [http-nio-9999-exec-12] org.apache.catalina.core.ApplicationContext.log HTMLManager: list: Listing contexts for virtual host 'localhost'
04-May-2015 12:29:42.750 INFO [http-nio-9999-exec-13] org.apache.catalina.core.ApplicationContext.log HTMLManager: start: Starting web application '/xtf'
04-May-2015 12:29:43.545 INFO [http-nio-9999-exec-13] org.apache.catalina.core.ApplicationContext.log HTMLManager: list: Listing contexts for virtual host 'localhost'
04-May-2015 12:55:09.997 INFO [http-nio-9999-exec-10] org.apache.catalina.core.ApplicationContext.log HTMLManager: init: Associated with Deployer 'Catalina:type=Deployer,host=localhost'
04-May-2015 12:55:09.997 INFO [http-nio-9999-exec-10] org.apache.catalina.core.ApplicationContext.log HTMLManager: init: Global resources are available
04-May-2015 12:55:10.002 INFO [http-nio-9999-exec-10] org.apache.catalina.core.ApplicationContext.log HTMLManager: list: Listing contexts for virtual host 'localhost'
04-May-2015 12:55:21.292 INFO [http-nio-9999-exec-3] org.apache.catalina.core.ApplicationContext.log HTMLManager: list: Listing contexts for virtual host 'localhost'
04-May-2015 13:02:51.383 INFO [http-nio-9999-exec-6] org.apache.catalina.core.ApplicationContext.log HTMLManager: list: Listing contexts for virtual host 'localhost'
04-May-2015 13:48:09.518 INFO [http-nio-9999-exec-6] org.apache.catalina.core.ApplicationContext.log HTMLManager: init: Associated with Deployer 'Catalina:type=Deployer,host=localhost'
04-May-2015 13:48:09.518 INFO [http-nio-9999-exec-6] org.apache.catalina.core.ApplicationContext.log HTMLManager: init: Global resources are available
04-May-2015 13:48:09.529 INFO [http-nio-9999-exec-6] org.apache.catalina.core.ApplicationContext.log HTMLManager: list: Listing contexts for virtual host 'localhost'
04-May-2015 13:48:32.251 INFO [http-nio-9999-exec-7] org.apache.catalina.core.ApplicationContext.log HTMLManager: restart: Reloading web application '/xtf'
04-May-2015 13:48:33.507 INFO [http-nio-9999-exec-7] org.apache.catalina.core.ApplicationContext.log HTMLManager: list: Listing contexts for virtual host 'localhost'
